<?xml version="1.0" encoding="UTF-8"?>
<!-- Generated by org.testng.reporters.JUnitReportReporter -->
<testsuite skipped="0" hostname="SVRODK00069" name="api.AutenticatTest" tests="2" failures="0" timestamp="27 Jul 2018 09:01:43 GMT" time="0.940" errors="0">
  <testcase name="successAuthenticationTest" time="0.461" classname="api.AutenticatTest"/>
  <testcase name="noAuthenticationTest" time="0.479" classname="api.AutenticatTest"/>
</testsuite> <!-- api.AutenticatTest -->
