<?xml version="1.0" encoding="UTF-8"?>
<!-- Generated by org.testng.reporters.JUnitReportReporter -->
<testsuite skipped="0" hostname="SVRODK00069" name="api.GetUsers" tests="4" failures="0" timestamp="27 Jul 2018 09:01:43 GMT" time="6.400" errors="0">
  <testcase name="getUsersRestAssuredTest" time="0.351" classname="api.GetUsers"/>
  <testcase name="getUsersTest" time="1.149" classname="api.GetUsers"/>
  <testcase name="getUsersTestNGTest" time="0.321" classname="api.GetUsers"/>
  <testcase name="getAllUsersIdEach" time="4.579" classname="api.GetUsers"/>
</testsuite> <!-- api.GetUsers -->
