<?xml version="1.0" encoding="UTF-8"?>
<!-- Generated by org.testng.reporters.JUnitReportReporter -->
<testsuite skipped="0" hostname="SVRODK00069" name="api.PostUsers" tests="1" failures="0" timestamp="27 Jul 2018 09:01:43 GMT" time="1.581" errors="0">
  <testcase name="postUserTest" time="1.581" classname="api.PostUsers"/>
</testsuite> <!-- api.PostUsers -->
