<?xml version="1.0" encoding="UTF-8"?>
<!-- Generated by org.testng.reporters.JUnitReportReporter -->
<testsuite name="test.automationpractice.LoginInvalidTest" tests="1" time="4.702" ignored="2" failures="0" timestamp="26 Jul 2018 10:06:58 GMT" skipped="0" hostname="SVRODK00069" errors="0">
  <testcase name="login" time="4.702" classname="test.automationpractice.LoginInvalidTest"/>
  <testcase name="getParams" classname="test.BaseTest">
    <skipped/>
  </testcase> <!-- getParams -->
  <testcase name="getParams" classname="test.BaseTest">
    <skipped/>
  </testcase> <!-- getParams -->
</testsuite> <!-- test.automationpractice.LoginInvalidTest -->
