<?xml version="1.0" encoding="UTF-8"?>
<!-- Generated by org.testng.reporters.JUnitReportReporter -->
<testsuite name="test.automationpractice.HomePageTest" tests="1" time="3.930" ignored="2" failures="0" timestamp="26 Jul 2018 10:06:58 GMT" skipped="0" hostname="SVRODK00069" errors="0">
  <testcase name="validationHomePageContactButton" time="3.930" classname="test.automationpractice.HomePageTest"/>
  <testcase name="getParams" classname="test.BaseTest">
    <skipped/>
  </testcase> <!-- getParams -->
  <testcase name="getParams" classname="test.BaseTest">
    <skipped/>
  </testcase> <!-- getParams -->
</testsuite> <!-- test.automationpractice.HomePageTest -->
