<?xml version="1.0" encoding="UTF-8"?>
<!-- Generated by org.testng.reporters.JUnitReportReporter -->
<testsuite name="Tests.HomePageTest" tests="1" time="5.124" ignored="0" failures="0" timestamp="23 Jul 2018 13:29:25 GMT" skipped="0" hostname="SVRODK00069" errors="0">
  <testcase name="validationHomePageContactButton" time="5.124" classname="Tests.HomePageTest"/>
</testsuite> <!-- Tests.HomePageTest -->
