<?xml version="1.0" encoding="UTF-8"?>
<!-- Generated by org.testng.reporters.JUnitReportReporter -->
<testsuite skipped="0" hostname="SVRODK00069" name="test.demoqa.DemoTabsTest" tests="1" failures="0" timestamp="02 Aug 2018 13:37:27 GMT" time="4.346" errors="0">
  <testcase name="tabsPageLoaded" time="4.346" classname="test.demoqa.DemoTabsTest"/>
</testsuite> <!-- test.demoqa.DemoTabsTest -->
