<?xml version="1.0" encoding="UTF-8"?>
<!-- Generated by org.testng.reporters.JUnitReportReporter -->
<testsuite name="test.automationpractice.LoginTest" tests="1" time="5.391" ignored="2" failures="0" timestamp="26 Jul 2018 10:06:58 GMT" skipped="0" hostname="SVRODK00069" errors="0">
  <testcase name="loginValidationTest" time="5.391" classname="test.automationpractice.LoginTest"/>
  <testcase name="getParams" classname="test.BaseTest">
    <skipped/>
  </testcase> <!-- getParams -->
  <testcase name="getParams" classname="test.BaseTest">
    <skipped/>
  </testcase> <!-- getParams -->
</testsuite> <!-- test.automationpractice.LoginTest -->
