<?xml version="1.0" encoding="UTF-8"?>
<!-- Generated by org.testng.reporters.JUnitReportReporter -->
<testsuite name="test.automationpractice.LoginInvalidTest" tests="1" time="0.000" ignored="5" failures="0" timestamp="27 Jul 2018 11:27:08 GMT" skipped="1" hostname="SVRODK00069" errors="0">
  <testcase name="login" time="0.000" classname="test.automationpractice.LoginInvalidTest">
    <skipped/>
  </testcase> <!-- login -->
  <testcase name="getParams" classname="test.BaseTest">
    <skipped/>
  </testcase> <!-- getParams -->
  <testcase name="getParams" classname="test.BaseTest">
    <skipped/>
  </testcase> <!-- getParams -->
  <testcase name="getParams" classname="test.BaseTest">
    <skipped/>
  </testcase> <!-- getParams -->
  <testcase name="getParams" classname="test.BaseTest">
    <skipped/>
  </testcase> <!-- getParams -->
  <testcase name="getParams" classname="test.BaseTest">
    <skipped/>
  </testcase> <!-- getParams -->
</testsuite> <!-- test.automationpractice.LoginInvalidTest -->
