<?xml version="1.0" encoding="UTF-8"?>
<!-- Generated by org.testng.reporters.JUnitReportReporter -->
<testsuite name="api.GetUsers" tests="4" time="7.111" ignored="0" failures="0" timestamp="27 Jul 2018 11:40:18 GMT" skipped="0" hostname="SVRODK00069" errors="0">
  <testcase name="getUsersTest" time="1.181" classname="api.GetUsers"/>
  <testcase name="getUsersRestAssuredTest" time="0.368" classname="api.GetUsers"/>
  <testcase name="getUsersTestNGTest" time="0.312" classname="api.GetUsers"/>
  <testcase name="getAllUsersIdEach" time="5.250" classname="api.GetUsers"/>
</testsuite> <!-- api.GetUsers -->
