<?xml version="1.0" encoding="UTF-8"?>
<!-- Generated by org.testng.reporters.JUnitReportReporter -->
<testsuite name="api.AutenticatTest" tests="2" time="1.950" ignored="0" failures="0" timestamp="27 Jul 2018 11:40:18 GMT" skipped="0" hostname="SVRODK00069" errors="0">
  <testcase name="successAuthenticationTest" time="0.477" classname="api.AutenticatTest"/>
  <testcase name="noAuthenticationTest" time="1.473" classname="api.AutenticatTest"/>
</testsuite> <!-- api.AutenticatTest -->
