<?xml version="1.0" encoding="UTF-8"?>
<!-- Generated by org.testng.reporters.JUnitReportReporter -->
<testsuite name="api.PostUsers" tests="1" time="0.372" ignored="0" failures="0" timestamp="27 Jul 2018 11:40:18 GMT" skipped="0" hostname="SVRODK00069" errors="0">
  <testcase name="postUserTest" time="0.372" classname="api.PostUsers"/>
</testsuite> <!-- api.PostUsers -->
